<?xml version="1.0" encoding="UTF-8"?>
<!-- Generated by org.testng.reporters.JUnitReportReporter -->
<testsuite hostname="DESKTOP-F280F2S" failures="0" tests="3" name="Basics.DynamicJson" time="2.718" errors="0" timestamp="2022-10-10T17:33:00 IST" skipped="0">
  <testcase classname="Basics.DynamicJson" name="addBook" time="0.201"/>
  <system-out/>
  <testcase classname="Basics.DynamicJson" name="addBook" time="2.299"/>
  <system-out/>
  <testcase classname="Basics.DynamicJson" name="addBook" time="0.218"/>
  <system-out/>
</testsuite> <!-- Basics.DynamicJson -->
