<?xml version="1.0" encoding="UTF-8"?>
<!-- Generated by org.testng.reporters.JUnitReportReporter -->
<testsuite hostname="DESKTOP-F280F2S" failures="0" tests="1" name="Basics.SumValidation" time="0.810" errors="0" timestamp="2022-10-10T13:29:02 IST" skipped="0">
  <testcase classname="Basics.SumValidation" name="sumOfCourses" time="0.810"/>
  <system-out/>
</testsuite> <!-- Basics.SumValidation -->
